# JRE version: OpenJDK Runtime Environment (11.0.12+7) (build 11.0.12+7-b1504.28-7817840)
# Java VM: OpenJDK 64-Bit Server VM (11.0.12+7-b1504.28-7817840, mixed mode, tiered, compressed oops, g1 gc, windows-amd64)
Heap:
 garbage-first heap   total 138240K, used 104392K [0x0000000080000000, 0x0000000100000000)
  region size 1024K, 43 young (44032K), 3 survivors (3072K)
 Metaspace       used 73191K, capacity 74746K, committed 74796K, reserved 1114112K
  class space    used 9481K, capacity 10069K, committed 10112K, reserved 1048576K
GC Heap History (20 events):
Event: 8.339 GC heap after
{Heap after GC invocations=14 (full 0):
 garbage-first heap   total 95232K, used 28148K [0x0000000080000000, 0x0000000100000000)
  region size 1024K, 6 young (6144K), 6 survivors (6144K)
 Metaspace       used 40849K, capacity 41785K, committed 41984K, reserved 1085440K
  class space    used 5218K, capacity 5578K, committed 5632K, reserved 1048576K
}
Event: 9.544 GC heap before
{Heap before GC invocations=14 (full 0):
 garbage-first heap   total 95232K, used 68084K [0x0000000080000000, 0x0000000100000000)
  region size 1024K, 45 young (46080K), 6 survivors (6144K)
 Metaspace       used 44704K, capacity 45678K, committed 45824K, reserved 1089536K
  class space    used 5741K, capacity 6099K, committed 6144K, reserved 1048576K
}
Event: 9.556 GC heap after
{Heap after GC invocations=15 (full 0):
 garbage-first heap   total 95232K, used 30030K [0x0000000080000000, 0x0000000100000000)
  region size 1024K, 5 young (5120K), 5 survivors (5120K)
 Metaspace       used 44704K, capacity 45678K, committed 45824K, reserved 1089536K
  class space    used 5741K, capacity 6099K, committed 6144K, reserved 1048576K
}
Event: 10.548 GC heap before
{Heap before GC invocations=15 (full 0):
 garbage-first heap   total 95232K, used 70990K [0x0000000080000000, 0x0000000100000000)
  region size 1024K, 45 young (46080K), 5 survivors (5120K)
 Metaspace       used 47705K, capacity 48755K, committed 48896K, reserved 1091584K
  class space    used 6131K, capacity 6529K, committed 6656K, reserved 1048576K
}
Event: 10.561 GC heap after
{Heap after GC invocations=16 (full 0):
 garbage-first heap   total 95232K, used 32173K [0x0000000080000000, 0x0000000100000000)
  region size 1024K, 4 young (4096K), 4 survivors (4096K)
 Metaspace       used 47705K, capacity 48755K, committed 48896K, reserved 1091584K
  class space    used 6131K, capacity 6529K, committed 6656K, reserved 1048576K
}
Event: 11.860 GC heap before
{Heap before GC invocations=16 (full 0):
 garbage-first heap   total 95232K, used 80301K [0x0000000080000000, 0x0000000100000000)
  region size 1024K, 44 young (45056K), 4 survivors (4096K)
 Metaspace       used 48810K, capacity 49983K, committed 50304K, reserved 1093632K
  class space    used 6243K, capacity 6717K, committed 6784K, reserved 1048576K
}
Event: 11.878 GC heap after
{Heap after GC invocations=17 (full 0):
 garbage-first heap   total 114688K, used 50088K [0x0000000080000000, 0x0000000100000000)
  region size 1024K, 6 young (6144K), 6 survivors (6144K)
 Metaspace       used 48810K, capacity 49983K, committed 50304K, reserved 1093632K
  class space    used 6243K, capacity 6717K, committed 6784K, reserved 1048576K
}
Event: 12.790 GC heap before
{Heap before GC invocations=17 (full 0):
 garbage-first heap   total 114688K, used 86952K [0x0000000080000000, 0x0000000100000000)
  region size 1024K, 42 young (43008K), 6 survivors (6144K)
 Metaspace       used 53416K, capacity 54694K, committed 55040K, reserved 1097728K
  class space    used 6808K, capacity 7315K, committed 7424K, reserved 1048576K
}
Event: 12.800 GC heap after
{Heap after GC invocations=18 (full 0):
 garbage-first heap   total 114688K, used 52155K [0x0000000080000000, 0x0000000100000000)
  region size 1024K, 2 young (2048K), 2 survivors (2048K)
 Metaspace       used 53416K, capacity 54694K, committed 55040K, reserved 1097728K
  class space    used 6808K, capacity 7315K, committed 7424K, reserved 1048576K
}
Event: 13.741 GC heap before
{Heap before GC invocations=18 (full 0):
 garbage-first heap   total 114688K, used 84923K [0x0000000080000000, 0x0000000100000000)
  region size 1024K, 35 young (35840K), 2 survivors (2048K)
 Metaspace       used 58365K, capacity 59785K, committed 59948K, reserved 1101824K
  class space    used 7433K, capacity 7984K, committed 8064K, reserved 1048576K
}
Event: 13.752 GC heap after
{Heap after GC invocations=19 (full 0):
 garbage-first heap   total 114688K, used 52986K [0x0000000080000000, 0x0000000100000000)
  region size 1024K, 3 young (3072K), 3 survivors (3072K)
 Metaspace       used 58365K, capacity 59785K, committed 59948K, reserved 1101824K
  class space    used 7433K, capacity 7984K, committed 8064K, reserved 1048576K
}
Event: 14.770 GC heap before
{Heap before GC invocations=20 (full 0):
 garbage-first heap   total 114688K, used 87802K [0x0000000080000000, 0x0000000100000000)
  region size 1024K, 38 young (38912K), 3 survivors (3072K)
 Metaspace       used 62564K, capacity 63982K, committed 64300K, reserved 1105920K
  class space    used 7943K, capacity 8483K, committed 8576K, reserved 1048576K
}
Event: 14.787 GC heap after
{Heap after GC invocations=21 (full 0):
 garbage-first heap   total 114688K, used 56775K [0x0000000080000000, 0x0000000100000000)
  region size 1024K, 5 young (5120K), 5 survivors (5120K)
 Metaspace       used 62564K, capacity 63982K, committed 64300K, reserved 1105920K
  class space    used 7943K, capacity 8483K, committed 8576K, reserved 1048576K
}
Event: 15.422 GC heap before
{Heap before GC invocations=22 (full 0):
 garbage-first heap   total 114688K, used 83399K [0x0000000080000000, 0x0000000100000000)
  region size 1024K, 32 young (32768K), 5 survivors (5120K)
 Metaspace       used 64642K, capacity 66123K, committed 66348K, reserved 1107968K
  class space    used 8215K, capacity 8788K, committed 8832K, reserved 1048576K
}
Event: 15.437 GC heap after
{Heap after GC invocations=23 (full 0):
 garbage-first heap   total 138240K, used 58710K [0x0000000080000000, 0x0000000100000000)
  region size 1024K, 3 young (3072K), 3 survivors (3072K)
 Metaspace       used 64642K, capacity 66123K, committed 66348K, reserved 1107968K
  class space    used 8215K, capacity 8788K, committed 8832K, reserved 1048576K
}
Event: 16.466 GC heap before
{Heap before GC invocations=24 (full 0):
 garbage-first heap   total 138240K, used 99670K [0x0000000080000000, 0x0000000100000000)
  region size 1024K, 42 young (43008K), 3 survivors (3072K)
 Metaspace       used 67904K, capacity 69339K, committed 69548K, reserved 1110016K
  class space    used 8634K, capacity 9210K, committed 9216K, reserved 1048576K
}
Event: 16.475 GC heap after
{Heap after GC invocations=25 (full 0):
 garbage-first heap   total 138240K, used 60178K [0x0000000080000000, 0x0000000100000000)
  region size 1024K, 4 young (4096K), 4 survivors (4096K)
 Metaspace       used 67904K, capacity 69339K, committed 69548K, reserved 1110016K
  class space    used 8634K, capacity 9210K, committed 9216K, reserved 1048576K
}
Event: 16.858 GC heap before
{Heap before GC invocations=25 (full 0):
 garbage-first heap   total 138240K, used 101138K [0x0000000080000000, 0x0000000100000000)
  region size 1024K, 44 young (45056K), 4 survivors (4096K)
 Metaspace       used 68198K, capacity 69709K, committed 69932K, reserved 1110016K
  class space    used 8654K, capacity 9248K, committed 9344K, reserved 1048576K
}
Event: 16.870 GC heap after
{Heap after GC invocations=26 (full 0):
 garbage-first heap   total 138240K, used 63432K [0x0000000080000000, 0x0000000100000000)
  region size 1024K, 6 young (6144K), 6 survivors (6144K)
 Metaspace       used 68198K, capacity 69709K, committed 69932K, reserved 1110016K
  class space    used 8654K, capacity 9248K, committed 9344K, reserved 1048576K
}
Event: 17.999 GC heap before
{Heap before GC invocations=26 (full 0):
 garbage-first heap   total 138240K, used 104392K [0x0000000080000000, 0x0000000100000000)
  region size 1024K, 46 young (47104K), 6 survivors (6144K)
 Metaspace       used 73191K, capacity 74746K, committed 74796K, reserved 1114112K
  class space    used 9481K, capacity 10069K, committed 10112K, reserved 1048576K
}

