# JRE version: OpenJDK Runtime Environment (11.0.12+7) (build 11.0.12+7-b1504.28-7817840)
# Java VM: OpenJDK 64-Bit Server VM (11.0.12+7-b1504.28-7817840, mixed mode, tiered, compressed oops, g1 gc, windows-amd64)
Heap:
 garbage-first heap   total 246784K, used 196608K [0x0000000080000000, 0x0000000100000000)
  region size 1024K, 13 young (13312K), 3 survivors (3072K)
 Metaspace       used 93782K, capacity 95986K, committed 96200K, reserved 1132544K
  class space    used 12257K, capacity 13095K, committed 13132K, reserved 1048576K
GC Heap History (20 events):
Event: 26.723 GC heap before
{Heap before GC invocations=46 (full 0):
 garbage-first heap   total 165888K, used 131027K [0x0000000080000000, 0x0000000100000000)
  region size 1024K, 58 young (59392K), 7 survivors (7168K)
 Metaspace       used 86924K, capacity 89065K, committed 89416K, reserved 1126400K
  class space    used 11300K, capacity 12111K, committed 12236K, reserved 1048576K
}
Event: 26.752 GC heap after
{Heap after GC invocations=47 (full 0):
 garbage-first heap   total 165888K, used 84073K [0x0000000080000000, 0x0000000100000000)
  region size 1024K, 8 young (8192K), 8 survivors (8192K)
 Metaspace       used 86924K, capacity 89065K, committed 89416K, reserved 1126400K
  class space    used 11300K, capacity 12111K, committed 12236K, reserved 1048576K
}
Event: 28.652 GC heap before
{Heap before GC invocations=47 (full 0):
 garbage-first heap   total 165888K, used 133225K [0x0000000080000000, 0x0000000100000000)
  region size 1024K, 57 young (58368K), 8 survivors (8192K)
 Metaspace       used 88213K, capacity 90351K, committed 90440K, reserved 1128448K
  class space    used 11401K, capacity 12181K, committed 12236K, reserved 1048576K
}
Event: 28.684 GC heap after
{Heap after GC invocations=48 (full 0):
 garbage-first heap   total 199680K, used 87040K [0x0000000080000000, 0x0000000100000000)
  region size 1024K, 7 young (7168K), 7 survivors (7168K)
 Metaspace       used 88213K, capacity 90351K, committed 90440K, reserved 1128448K
  class space    used 11401K, capacity 12181K, committed 12236K, reserved 1048576K
}
Event: 30.501 GC heap before
{Heap before GC invocations=49 (full 0):
 garbage-first heap   total 199680K, used 153600K [0x0000000080000000, 0x0000000100000000)
  region size 1024K, 66 young (67584K), 7 survivors (7168K)
 Metaspace       used 88607K, capacity 90790K, committed 91080K, reserved 1128448K
  class space    used 11445K, capacity 12261K, committed 12364K, reserved 1048576K
}
Event: 30.532 GC heap after
{Heap after GC invocations=50 (full 0):
 garbage-first heap   total 199680K, used 102057K [0x0000000080000000, 0x0000000100000000)
  region size 1024K, 9 young (9216K), 9 survivors (9216K)
 Metaspace       used 88607K, capacity 90790K, committed 91080K, reserved 1128448K
  class space    used 11445K, capacity 12261K, committed 12364K, reserved 1048576K
}
Event: 31.618 GC heap before
{Heap before GC invocations=51 (full 0):
 garbage-first heap   total 199680K, used 122537K [0x0000000080000000, 0x0000000100000000)
  region size 1024K, 28 young (28672K), 9 survivors (9216K)
 Metaspace       used 91200K, capacity 93336K, committed 93768K, reserved 1130496K
  class space    used 11782K, capacity 12577K, committed 12748K, reserved 1048576K
}
Event: 31.637 GC heap after
{Heap after GC invocations=52 (full 0):
 garbage-first heap   total 199680K, used 108147K [0x0000000080000000, 0x0000000100000000)
  region size 1024K, 3 young (3072K), 3 survivors (3072K)
 Metaspace       used 91200K, capacity 93336K, committed 93768K, reserved 1130496K
  class space    used 11782K, capacity 12577K, committed 12748K, reserved 1048576K
}
Event: 32.264 GC heap before
{Heap before GC invocations=53 (full 0):
 garbage-first heap   total 199680K, used 175731K [0x0000000080000000, 0x0000000100000000)
  region size 1024K, 42 young (43008K), 3 survivors (3072K)
 Metaspace       used 91436K, capacity 93568K, committed 94024K, reserved 1130496K
  class space    used 11805K, capacity 12611K, committed 12748K, reserved 1048576K
}
Event: 32.309 GC heap after
{Heap after GC invocations=54 (full 0):
 garbage-first heap   total 199680K, used 133628K [0x0000000080000000, 0x0000000100000000)
  region size 1024K, 6 young (6144K), 6 survivors (6144K)
 Metaspace       used 91436K, capacity 93568K, committed 94024K, reserved 1130496K
  class space    used 11805K, capacity 12611K, committed 12748K, reserved 1048576K
}
Event: 32.535 GC heap before
{Heap before GC invocations=54 (full 0):
 garbage-first heap   total 199680K, used 140796K [0x0000000080000000, 0x0000000100000000)
  region size 1024K, 14 young (14336K), 6 survivors (6144K)
 Metaspace       used 91441K, capacity 93572K, committed 94024K, reserved 1130496K
  class space    used 11805K, capacity 12611K, committed 12748K, reserved 1048576K
}
Event: 32.597 GC heap after
{Heap after GC invocations=55 (full 0):
 garbage-first heap   total 199680K, used 137295K [0x0000000080000000, 0x0000000100000000)
  region size 1024K, 3 young (3072K), 3 survivors (3072K)
 Metaspace       used 91441K, capacity 93572K, committed 94024K, reserved 1130496K
  class space    used 11805K, capacity 12611K, committed 12748K, reserved 1048576K
}
Event: 33.150 GC heap before
{Heap before GC invocations=55 (full 0):
 garbage-first heap   total 199680K, used 158799K [0x0000000080000000, 0x0000000100000000)
  region size 1024K, 23 young (23552K), 3 survivors (3072K)
 Metaspace       used 91876K, capacity 94006K, committed 94280K, reserved 1130496K
  class space    used 11874K, capacity 12693K, committed 12748K, reserved 1048576K
}
Event: 33.209 GC heap after
{Heap after GC invocations=56 (full 0):
 garbage-first heap   total 246784K, used 147106K [0x0000000080000000, 0x0000000100000000)
  region size 1024K, 3 young (3072K), 3 survivors (3072K)
 Metaspace       used 91876K, capacity 94006K, committed 94280K, reserved 1130496K
  class space    used 11874K, capacity 12693K, committed 12748K, reserved 1048576K
}
Event: 34.161 GC heap before
{Heap before GC invocations=57 (full 0):
 garbage-first heap   total 246784K, used 179874K [0x0000000080000000, 0x0000000100000000)
  region size 1024K, 36 young (36864K), 3 survivors (3072K)
 Metaspace       used 93753K, capacity 95982K, committed 96200K, reserved 1132544K
  class space    used 12257K, capacity 13095K, committed 13132K, reserved 1048576K
}
Event: 34.224 GC heap after
{Heap after GC invocations=58 (full 0):
 garbage-first heap   total 246784K, used 161692K [0x0000000080000000, 0x0000000100000000)
  region size 1024K, 5 young (5120K), 5 survivors (5120K)
 Metaspace       used 93753K, capacity 95982K, committed 96200K, reserved 1132544K
  class space    used 12257K, capacity 13095K, committed 13132K, reserved 1048576K
}
Event: 34.506 GC heap before
{Heap before GC invocations=58 (full 0):
 garbage-first heap   total 246784K, used 189340K [0x0000000080000000, 0x0000000100000000)
  region size 1024K, 32 young (32768K), 5 survivors (5120K)
 Metaspace       used 93771K, capacity 95986K, committed 96200K, reserved 1132544K
  class space    used 12257K, capacity 13095K, committed 13132K, reserved 1048576K
}
Event: 34.549 GC heap after
{Heap after GC invocations=59 (full 0):
 garbage-first heap   total 246784K, used 176640K [0x0000000080000000, 0x0000000100000000)
  region size 1024K, 4 young (4096K), 4 survivors (4096K)
 Metaspace       used 93771K, capacity 95986K, committed 96200K, reserved 1132544K
  class space    used 12257K, capacity 13095K, committed 13132K, reserved 1048576K
}
Event: 34.856 GC heap before
{Heap before GC invocations=59 (full 0):
 garbage-first heap   total 246784K, used 197120K [0x0000000080000000, 0x0000000100000000)
  region size 1024K, 24 young (24576K), 4 survivors (4096K)
 Metaspace       used 93779K, capacity 95986K, committed 96200K, reserved 1132544K
  class space    used 12257K, capacity 13095K, committed 13132K, reserved 1048576K
}
Event: 34.888 GC heap after
{Heap after GC invocations=60 (full 0):
 garbage-first heap   total 246784K, used 187392K [0x0000000080000000, 0x0000000100000000)
  region size 1024K, 3 young (3072K), 3 survivors (3072K)
 Metaspace       used 93779K, capacity 95986K, committed 96200K, reserved 1132544K
  class space    used 12257K, capacity 13095K, committed 13132K, reserved 1048576K
}

